<?xml version="1.0" encoding="UTF-8"?>
<!-- Generated by org.testng.reporters.JUnitReportReporter -->
<testsuite hostname="DESKTOP-RL8SVL3" failures="0" tests="1" name="DriverFactory.AppTest" time="36.633" errors="0" timestamp="2024-03-25T09:53:32 IST" skipped="0">
  <testcase classname="DriverFactory.AppTest" name="KickStart" time="36.633"/>
</testsuite> <!-- DriverFactory.AppTest -->
