<?xml version="1.0" encoding="UTF-8"?>
<!-- Generated by org.testng.reporters.JUnitReportReporter -->
<testsuite hostname="DESKTOP-RL8SVL3" failures="0" tests="1" name="DriverFactory.AppTest" time="21.567" errors="0" timestamp="2024-03-19T12:50:28 IST" skipped="0">
  <testcase classname="DriverFactory.AppTest" name="KickStart" time="21.567">
    <system-out>
      <![CDATA[Supplier-00000002016      Supplier-00000002016]]>
    </system-out>
  </testcase> <!-- KickStart -->
  <system-out>
    <![CDATA[Supplier-00000002016      Supplier-00000002016]]>
  </system-out>
</testsuite> <!-- DriverFactory.AppTest -->
